Start testing: May 10 05:32 PDT
----------------------------------------------------------
1/66 Testing: Types.PriceScaleIsTenThousand
1/66 Test: Types.PriceScaleIsTenThousand
Command: "/home/debian/hft/build/tests/core/test_core" "--gtest_filter=Types.PriceScaleIsTenThousand" "--gtest_also_run_disabled_tests"
Directory: /home/debian/hft/build/tests/core
"Types.PriceScaleIsTenThousand" start time: May 10 05:32 PDT
Output:
----------------------------------------------------------
Running main() from ./googletest/src/gtest_main.cc
Note: Google Test filter = Types.PriceScaleIsTenThousand
[==========] Running 1 test from 1 test suite.
[----------] Global test environment set-up.
[----------] 1 test from Types
[ RUN      ] Types.PriceScaleIsTenThousand
[       OK ] Types.PriceScaleIsTenThousand (0 ms)
[----------] 1 test from Types (0 ms total)

[----------] Global test environment tear-down
[==========] 1 test from 1 test suite ran. (0 ms total)
[  PASSED  ] 1 test.
<end of output>
Test time =   0.00 sec
----------------------------------------------------------
Test Passed.
"Types.PriceScaleIsTenThousand" end time: May 10 05:32 PDT
"Types.PriceScaleIsTenThousand" time elapsed: 00:00:00
----------------------------------------------------------

2/66 Testing: Types.PriceCanHoldTypicalRange
2/66 Test: Types.PriceCanHoldTypicalRange
Command: "/home/debian/hft/build/tests/core/test_core" "--gtest_filter=Types.PriceCanHoldTypicalRange" "--gtest_also_run_disabled_tests"
Directory: /home/debian/hft/build/tests/core
"Types.PriceCanHoldTypicalRange" start time: May 10 05:32 PDT
Output:
----------------------------------------------------------
Running main() from ./googletest/src/gtest_main.cc
Note: Google Test filter = Types.PriceCanHoldTypicalRange
[==========] Running 1 test from 1 test suite.
[----------] Global test environment set-up.
[----------] 1 test from Types
[ RUN      ] Types.PriceCanHoldTypicalRange
[       OK ] Types.PriceCanHoldTypicalRange (0 ms)
[----------] 1 test from Types (0 ms total)

[----------] Global test environment tear-down
[==========] 1 test from 1 test suite ran. (0 ms total)
[  PASSED  ] 1 test.
<end of output>
Test time =   0.00 sec
----------------------------------------------------------
Test Passed.
"Types.PriceCanHoldTypicalRange" end time: May 10 05:32 PDT
"Types.PriceCanHoldTypicalRange" time elapsed: 00:00:00
----------------------------------------------------------

3/66 Testing: Types.InvalidPriceIsDistinguishable
3/66 Test: Types.InvalidPriceIsDistinguishable
Command: "/home/debian/hft/build/tests/core/test_core" "--gtest_filter=Types.InvalidPriceIsDistinguishable" "--gtest_also_run_disabled_tests"
Directory: /home/debian/hft/build/tests/core
"Types.InvalidPriceIsDistinguishable" start time: May 10 05:32 PDT
Output:
----------------------------------------------------------
Running main() from ./googletest/src/gtest_main.cc
Note: Google Test filter = Types.InvalidPriceIsDistinguishable
[==========] Running 1 test from 1 test suite.
[----------] Global test environment set-up.
[----------] 1 test from Types
[ RUN      ] Types.InvalidPriceIsDistinguishable
[       OK ] Types.InvalidPriceIsDistinguishable (0 ms)
[----------] 1 test from Types (0 ms total)

[----------] Global test environment tear-down
[==========] 1 test from 1 test suite ran. (0 ms total)
[  PASSED  ] 1 test.
<end of output>
Test time =   0.00 sec
----------------------------------------------------------
Test Passed.
"Types.InvalidPriceIsDistinguishable" end time: May 10 05:32 PDT
"Types.InvalidPriceIsDistinguishable" time elapsed: 00:00:00
----------------------------------------------------------

4/66 Testing: Types.SideIsOneByte
4/66 Test: Types.SideIsOneByte
Command: "/home/debian/hft/build/tests/core/test_core" "--gtest_filter=Types.SideIsOneByte" "--gtest_also_run_disabled_tests"
Directory: /home/debian/hft/build/tests/core
"Types.SideIsOneByte" start time: May 10 05:32 PDT
Output:
----------------------------------------------------------
Running main() from ./googletest/src/gtest_main.cc
Note: Google Test filter = Types.SideIsOneByte
[==========] Running 1 test from 1 test suite.
[----------] Global test environment set-up.
[----------] 1 test from Types
[ RUN      ] Types.SideIsOneByte
[       OK ] Types.SideIsOneByte (0 ms)
[----------] 1 test from Types (0 ms total)

[----------] Global test environment tear-down
[==========] 1 test from 1 test suite ran. (0 ms total)
[  PASSED  ] 1 test.
<end of output>
Test time =   0.00 sec
----------------------------------------------------------
Test Passed.
"Types.SideIsOneByte" end time: May 10 05:32 PDT
"Types.SideIsOneByte" time elapsed: 00:00:00
----------------------------------------------------------

5/66 Testing: Types.SideToString
5/66 Test: Types.SideToString
Command: "/home/debian/hft/build/tests/core/test_core" "--gtest_filter=Types.SideToString" "--gtest_also_run_disabled_tests"
Directory: /home/debian/hft/build/tests/core
"Types.SideToString" start time: May 10 05:32 PDT
Output:
----------------------------------------------------------
Running main() from ./googletest/src/gtest_main.cc
Note: Google Test filter = Types.SideToString
[==========] Running 1 test from 1 test suite.
[----------] Global test environment set-up.
[----------] 1 test from Types
[ RUN      ] Types.SideToString
[       OK ] Types.SideToString (0 ms)
[----------] 1 test from Types (0 ms total)

[----------] Global test environment tear-down
[==========] 1 test from 1 test suite ran. (0 ms total)
[  PASSED  ] 1 test.
<end of output>
Test time =   0.00 sec
----------------------------------------------------------
Test Passed.
"Types.SideToString" end time: May 10 05:32 PDT
"Types.SideToString" time elapsed: 00:00:00
----------------------------------------------------------

6/66 Testing: Types.SideIsTypeSafe
6/66 Test: Types.SideIsTypeSafe
Command: "/home/debian/hft/build/tests/core/test_core" "--gtest_filter=Types.SideIsTypeSafe" "--gtest_also_run_disabled_tests"
Directory: /home/debian/hft/build/tests/core
"Types.SideIsTypeSafe" start time: May 10 05:32 PDT
Output:
----------------------------------------------------------
Running main() from ./googletest/src/gtest_main.cc
Note: Google Test filter = Types.SideIsTypeSafe
[==========] Running 1 test from 1 test suite.
[----------] Global test environment set-up.
[----------] 1 test from Types
[ RUN      ] Types.SideIsTypeSafe
[       OK ] Types.SideIsTypeSafe (0 ms)
[----------] 1 test from Types (0 ms total)

[----------] Global test environment tear-down
[==========] 1 test from 1 test suite ran. (0 ms total)
[  PASSED  ] 1 test.
<end of output>
Test time =   0.00 sec
----------------------------------------------------------
Test Passed.
"Types.SideIsTypeSafe" end time: May 10 05:32 PDT
"Types.SideIsTypeSafe" time elapsed: 00:00:00
----------------------------------------------------------

7/66 Testing: Types.InvalidIdsAreZero
7/66 Test: Types.InvalidIdsAreZero
Command: "/home/debian/hft/build/tests/core/test_core" "--gtest_filter=Types.InvalidIdsAreZero" "--gtest_also_run_disabled_tests"
Directory: /home/debian/hft/build/tests/core
"Types.InvalidIdsAreZero" start time: May 10 05:32 PDT
Output:
----------------------------------------------------------
Running main() from ./googletest/src/gtest_main.cc
Note: Google Test filter = Types.InvalidIdsAreZero
[==========] Running 1 test from 1 test suite.
[----------] Global test environment set-up.
[----------] 1 test from Types
[ RUN      ] Types.InvalidIdsAreZero
[       OK ] Types.InvalidIdsAreZero (0 ms)
[----------] 1 test from Types (0 ms total)

[----------] Global test environment tear-down
[==========] 1 test from 1 test suite ran. (0 ms total)
[  PASSED  ] 1 test.
<end of output>
Test time =   0.00 sec
----------------------------------------------------------
Test Passed.
"Types.InvalidIdsAreZero" end time: May 10 05:32 PDT
"Types.InvalidIdsAreZero" time elapsed: 00:00:00
----------------------------------------------------------

8/66 Testing: Clock.WallNsIsNonZero
8/66 Test: Clock.WallNsIsNonZero
Command: "/home/debian/hft/build/tests/core/test_core" "--gtest_filter=Clock.WallNsIsNonZero" "--gtest_also_run_disabled_tests"
Directory: /home/debian/hft/build/tests/core
"Clock.WallNsIsNonZero" start time: May 10 05:32 PDT
Output:
----------------------------------------------------------
Running main() from ./googletest/src/gtest_main.cc
Note: Google Test filter = Clock.WallNsIsNonZero
[==========] Running 1 test from 1 test suite.
[----------] Global test environment set-up.
[----------] 1 test from Clock
[ RUN      ] Clock.WallNsIsNonZero
[       OK ] Clock.WallNsIsNonZero (0 ms)
[----------] 1 test from Clock (0 ms total)

[----------] Global test environment tear-down
[==========] 1 test from 1 test suite ran. (0 ms total)
[  PASSED  ] 1 test.
<end of output>
Test time =   0.00 sec
----------------------------------------------------------
Test Passed.
"Clock.WallNsIsNonZero" end time: May 10 05:32 PDT
"Clock.WallNsIsNonZero" time elapsed: 00:00:00
----------------------------------------------------------

9/66 Testing: Clock.WallNsIsRoughlyNow
9/66 Test: Clock.WallNsIsRoughlyNow
Command: "/home/debian/hft/build/tests/core/test_core" "--gtest_filter=Clock.WallNsIsRoughlyNow" "--gtest_also_run_disabled_tests"
Directory: /home/debian/hft/build/tests/core
"Clock.WallNsIsRoughlyNow" start time: May 10 05:32 PDT
Output:
----------------------------------------------------------
Running main() from ./googletest/src/gtest_main.cc
Note: Google Test filter = Clock.WallNsIsRoughlyNow
[==========] Running 1 test from 1 test suite.
[----------] Global test environment set-up.
[----------] 1 test from Clock
[ RUN      ] Clock.WallNsIsRoughlyNow
[       OK ] Clock.WallNsIsRoughlyNow (0 ms)
[----------] 1 test from Clock (0 ms total)

[----------] Global test environment tear-down
[==========] 1 test from 1 test suite ran. (0 ms total)
[  PASSED  ] 1 test.
<end of output>
Test time =   0.00 sec
----------------------------------------------------------
Test Passed.
"Clock.WallNsIsRoughlyNow" end time: May 10 05:32 PDT
"Clock.WallNsIsRoughlyNow" time elapsed: 00:00:00
----------------------------------------------------------

10/66 Testing: Clock.WallNsAdvances
10/66 Test: Clock.WallNsAdvances
Command: "/home/debian/hft/build/tests/core/test_core" "--gtest_filter=Clock.WallNsAdvances" "--gtest_also_run_disabled_tests"
Directory: /home/debian/hft/build/tests/core
"Clock.WallNsAdvances" start time: May 10 05:32 PDT
Output:
----------------------------------------------------------
Running main() from ./googletest/src/gtest_main.cc
Note: Google Test filter = Clock.WallNsAdvances
[==========] Running 1 test from 1 test suite.
[----------] Global test environment set-up.
[----------] 1 test from Clock
[ RUN      ] Clock.WallNsAdvances
[       OK ] Clock.WallNsAdvances (1 ms)
[----------] 1 test from Clock (1 ms total)

[----------] Global test environment tear-down
[==========] 1 test from 1 test suite ran. (1 ms total)
[  PASSED  ] 1 test.
<end of output>
Test time =   0.00 sec
----------------------------------------------------------
Test Passed.
"Clock.WallNsAdvances" end time: May 10 05:32 PDT
"Clock.WallNsAdvances" time elapsed: 00:00:00
----------------------------------------------------------

11/66 Testing: Clock.MonoNsIsMonotonic
11/66 Test: Clock.MonoNsIsMonotonic
Command: "/home/debian/hft/build/tests/core/test_core" "--gtest_filter=Clock.MonoNsIsMonotonic" "--gtest_also_run_disabled_tests"
Directory: /home/debian/hft/build/tests/core
"Clock.MonoNsIsMonotonic" start time: May 10 05:32 PDT
Output:
----------------------------------------------------------
Running main() from ./googletest/src/gtest_main.cc
Note: Google Test filter = Clock.MonoNsIsMonotonic
[==========] Running 1 test from 1 test suite.
[----------] Global test environment set-up.
[----------] 1 test from Clock
[ RUN      ] Clock.MonoNsIsMonotonic
[       OK ] Clock.MonoNsIsMonotonic (0 ms)
[----------] 1 test from Clock (0 ms total)

[----------] Global test environment tear-down
[==========] 1 test from 1 test suite ran. (0 ms total)
[  PASSED  ] 1 test.
<end of output>
Test time =   0.00 sec
----------------------------------------------------------
Test Passed.
"Clock.MonoNsIsMonotonic" end time: May 10 05:32 PDT
"Clock.MonoNsIsMonotonic" time elapsed: 00:00:00
----------------------------------------------------------

12/66 Testing: Clock.RdtscAdvances
12/66 Test: Clock.RdtscAdvances
Command: "/home/debian/hft/build/tests/core/test_core" "--gtest_filter=Clock.RdtscAdvances" "--gtest_also_run_disabled_tests"
Directory: /home/debian/hft/build/tests/core
"Clock.RdtscAdvances" start time: May 10 05:32 PDT
Output:
----------------------------------------------------------
Running main() from ./googletest/src/gtest_main.cc
Note: Google Test filter = Clock.RdtscAdvances
[==========] Running 1 test from 1 test suite.
[----------] Global test environment set-up.
[----------] 1 test from Clock
[ RUN      ] Clock.RdtscAdvances
[       OK ] Clock.RdtscAdvances (0 ms)
[----------] 1 test from Clock (0 ms total)

[----------] Global test environment tear-down
[==========] 1 test from 1 test suite ran. (0 ms total)
[  PASSED  ] 1 test.
<end of output>
Test time =   0.00 sec
----------------------------------------------------------
Test Passed.
"Clock.RdtscAdvances" end time: May 10 05:32 PDT
"Clock.RdtscAdvances" time elapsed: 00:00:00
----------------------------------------------------------

13/66 Testing: Clock.RdtscpAdvances
13/66 Test: Clock.RdtscpAdvances
Command: "/home/debian/hft/build/tests/core/test_core" "--gtest_filter=Clock.RdtscpAdvances" "--gtest_also_run_disabled_tests"
Directory: /home/debian/hft/build/tests/core
"Clock.RdtscpAdvances" start time: May 10 05:32 PDT
Output:
----------------------------------------------------------
Running main() from ./googletest/src/gtest_main.cc
Note: Google Test filter = Clock.RdtscpAdvances
[==========] Running 1 test from 1 test suite.
[----------] Global test environment set-up.
[----------] 1 test from Clock
[ RUN      ] Clock.RdtscpAdvances
[       OK ] Clock.RdtscpAdvances (0 ms)
[----------] 1 test from Clock (0 ms total)

[----------] Global test environment tear-down
[==========] 1 test from 1 test suite ran. (0 ms total)
[  PASSED  ] 1 test.
<end of output>
Test time =   0.00 sec
----------------------------------------------------------
Test Passed.
"Clock.RdtscpAdvances" end time: May 10 05:32 PDT
"Clock.RdtscpAdvances" time elapsed: 00:00:00
----------------------------------------------------------

14/66 Testing: Clock.CalibrationReturnsPlausibleFrequency
14/66 Test: Clock.CalibrationReturnsPlausibleFrequency
Command: "/home/debian/hft/build/tests/core/test_core" "--gtest_filter=Clock.CalibrationReturnsPlausibleFrequency" "--gtest_also_run_disabled_tests"
Directory: /home/debian/hft/build/tests/core
"Clock.CalibrationReturnsPlausibleFrequency" start time: May 10 05:32 PDT
Output:
----------------------------------------------------------
Running main() from ./googletest/src/gtest_main.cc
Note: Google Test filter = Clock.CalibrationReturnsPlausibleFrequency
[==========] Running 1 test from 1 test suite.
[----------] Global test environment set-up.
[----------] 1 test from Clock
[ RUN      ] Clock.CalibrationReturnsPlausibleFrequency
[       OK ] Clock.CalibrationReturnsPlausibleFrequency (0 ms)
[----------] 1 test from Clock (0 ms total)

[----------] Global test environment tear-down
[==========] 1 test from 1 test suite ran. (0 ms total)
[  PASSED  ] 1 test.
<end of output>
Test time =   0.00 sec
----------------------------------------------------------
Test Passed.
"Clock.CalibrationReturnsPlausibleFrequency" end time: May 10 05:32 PDT
"Clock.CalibrationReturnsPlausibleFrequency" time elapsed: 00:00:00
----------------------------------------------------------

15/66 Testing: Clock.TscToNsRoughlyMatchesWallClock
15/66 Test: Clock.TscToNsRoughlyMatchesWallClock
Command: "/home/debian/hft/build/tests/core/test_core" "--gtest_filter=Clock.TscToNsRoughlyMatchesWallClock" "--gtest_also_run_disabled_tests"
Directory: /home/debian/hft/build/tests/core
"Clock.TscToNsRoughlyMatchesWallClock" start time: May 10 05:32 PDT
Output:
----------------------------------------------------------
Running main() from ./googletest/src/gtest_main.cc
Note: Google Test filter = Clock.TscToNsRoughlyMatchesWallClock
[==========] Running 1 test from 1 test suite.
[----------] Global test environment set-up.
[----------] 1 test from Clock
[ RUN      ] Clock.TscToNsRoughlyMatchesWallClock
[       OK ] Clock.TscToNsRoughlyMatchesWallClock (10 ms)
[----------] 1 test from Clock (10 ms total)

[----------] Global test environment tear-down
[==========] 1 test from 1 test suite ran. (10 ms total)
[  PASSED  ] 1 test.
<end of output>
Test time =   0.01 sec
----------------------------------------------------------
Test Passed.
"Clock.TscToNsRoughlyMatchesWallClock" end time: May 10 05:32 PDT
"Clock.TscToNsRoughlyMatchesWallClock" time elapsed: 00:00:00
----------------------------------------------------------

16/66 Testing: Clock.RdtscIsFasterThanWallNs
16/66 Test: Clock.RdtscIsFasterThanWallNs
Command: "/home/debian/hft/build/tests/core/test_core" "--gtest_filter=Clock.RdtscIsFasterThanWallNs" "--gtest_also_run_disabled_tests"
Directory: /home/debian/hft/build/tests/core
"Clock.RdtscIsFasterThanWallNs" start time: May 10 05:32 PDT
Output:
----------------------------------------------------------
Running main() from ./googletest/src/gtest_main.cc
Note: Google Test filter = Clock.RdtscIsFasterThanWallNs
[==========] Running 1 test from 1 test suite.
[----------] Global test environment set-up.
[----------] 1 test from Clock
[ RUN      ] Clock.RdtscIsFasterThanWallNs
rdtsc avg: 1 ns, wall_ns avg: 33 ns
[       OK ] Clock.RdtscIsFasterThanWallNs (3 ms)
[----------] 1 test from Clock (3 ms total)

[----------] Global test environment tear-down
[==========] 1 test from 1 test suite ran. (3 ms total)
[  PASSED  ] 1 test.
<end of output>
Test time =   0.01 sec
----------------------------------------------------------
Test Passed.
"Clock.RdtscIsFasterThanWallNs" end time: May 10 05:32 PDT
"Clock.RdtscIsFasterThanWallNs" time elapsed: 00:00:00
----------------------------------------------------------

17/66 Testing: SpscRing.EmptyInitially
17/66 Test: SpscRing.EmptyInitially
Command: "/home/debian/hft/build/tests/core/test_core" "--gtest_filter=SpscRing.EmptyInitially" "--gtest_also_run_disabled_tests"
Directory: /home/debian/hft/build/tests/core
"SpscRing.EmptyInitially" start time: May 10 05:32 PDT
Output:
----------------------------------------------------------
Running main() from ./googletest/src/gtest_main.cc
Note: Google Test filter = SpscRing.EmptyInitially
[==========] Running 1 test from 1 test suite.
[----------] Global test environment set-up.
[----------] 1 test from SpscRing
[ RUN      ] SpscRing.EmptyInitially
[       OK ] SpscRing.EmptyInitially (0 ms)
[----------] 1 test from SpscRing (0 ms total)

[----------] Global test environment tear-down
[==========] 1 test from 1 test suite ran. (0 ms total)
[  PASSED  ] 1 test.
<end of output>
Test time =   0.00 sec
----------------------------------------------------------
Test Passed.
"SpscRing.EmptyInitially" end time: May 10 05:32 PDT
"SpscRing.EmptyInitially" time elapsed: 00:00:00
----------------------------------------------------------

18/66 Testing: SpscRing.SinglePushPop
18/66 Test: SpscRing.SinglePushPop
Command: "/home/debian/hft/build/tests/core/test_core" "--gtest_filter=SpscRing.SinglePushPop" "--gtest_also_run_disabled_tests"
Directory: /home/debian/hft/build/tests/core
"SpscRing.SinglePushPop" start time: May 10 05:32 PDT
Output:
----------------------------------------------------------
Running main() from ./googletest/src/gtest_main.cc
Note: Google Test filter = SpscRing.SinglePushPop
[==========] Running 1 test from 1 test suite.
[----------] Global test environment set-up.
[----------] 1 test from SpscRing
[ RUN      ] SpscRing.SinglePushPop
[       OK ] SpscRing.SinglePushPop (0 ms)
[----------] 1 test from SpscRing (0 ms total)

[----------] Global test environment tear-down
[==========] 1 test from 1 test suite ran. (0 ms total)
[  PASSED  ] 1 test.
<end of output>
Test time =   0.00 sec
----------------------------------------------------------
Test Passed.
"SpscRing.SinglePushPop" end time: May 10 05:32 PDT
"SpscRing.SinglePushPop" time elapsed: 00:00:00
----------------------------------------------------------

19/66 Testing: SpscRing.FillUpAndDrain
19/66 Test: SpscRing.FillUpAndDrain
Command: "/home/debian/hft/build/tests/core/test_core" "--gtest_filter=SpscRing.FillUpAndDrain" "--gtest_also_run_disabled_tests"
Directory: /home/debian/hft/build/tests/core
"SpscRing.FillUpAndDrain" start time: May 10 05:32 PDT
Output:
----------------------------------------------------------
Running main() from ./googletest/src/gtest_main.cc
Note: Google Test filter = SpscRing.FillUpAndDrain
[==========] Running 1 test from 1 test suite.
[----------] Global test environment set-up.
[----------] 1 test from SpscRing
[ RUN      ] SpscRing.FillUpAndDrain
[       OK ] SpscRing.FillUpAndDrain (0 ms)
[----------] 1 test from SpscRing (0 ms total)

[----------] Global test environment tear-down
[==========] 1 test from 1 test suite ran. (0 ms total)
[  PASSED  ] 1 test.
<end of output>
Test time =   0.00 sec
----------------------------------------------------------
Test Passed.
"SpscRing.FillUpAndDrain" end time: May 10 05:32 PDT
"SpscRing.FillUpAndDrain" time elapsed: 00:00:00
----------------------------------------------------------

20/66 Testing: SpscRing.WrapAround
20/66 Test: SpscRing.WrapAround
Command: "/home/debian/hft/build/tests/core/test_core" "--gtest_filter=SpscRing.WrapAround" "--gtest_also_run_disabled_tests"
Directory: /home/debian/hft/build/tests/core
"SpscRing.WrapAround" start time: May 10 05:32 PDT
Output:
----------------------------------------------------------
Running main() from ./googletest/src/gtest_main.cc
Note: Google Test filter = SpscRing.WrapAround
[==========] Running 1 test from 1 test suite.
[----------] Global test environment set-up.
[----------] 1 test from SpscRing
[ RUN      ] SpscRing.WrapAround
[       OK ] SpscRing.WrapAround (0 ms)
[----------] 1 test from SpscRing (0 ms total)

[----------] Global test environment tear-down
[==========] 1 test from 1 test suite ran. (0 ms total)
[  PASSED  ] 1 test.
<end of output>
Test time =   0.00 sec
----------------------------------------------------------
Test Passed.
"SpscRing.WrapAround" end time: May 10 05:32 PDT
"SpscRing.WrapAround" time elapsed: 00:00:00
----------------------------------------------------------

21/66 Testing: SpscRing.TwoThreadsFifoIntegrity
21/66 Test: SpscRing.TwoThreadsFifoIntegrity
Command: "/home/debian/hft/build/tests/core/test_core" "--gtest_filter=SpscRing.TwoThreadsFifoIntegrity" "--gtest_also_run_disabled_tests"
Directory: /home/debian/hft/build/tests/core
"SpscRing.TwoThreadsFifoIntegrity" start time: May 10 05:32 PDT
Output:
----------------------------------------------------------
Running main() from ./googletest/src/gtest_main.cc
Note: Google Test filter = SpscRing.TwoThreadsFifoIntegrity
[==========] Running 1 test from 1 test suite.
[----------] Global test environment set-up.
[----------] 1 test from SpscRing
[ RUN      ] SpscRing.TwoThreadsFifoIntegrity
[       OK ] SpscRing.TwoThreadsFifoIntegrity (6 ms)
[----------] 1 test from SpscRing (6 ms total)

[----------] Global test environment tear-down
[==========] 1 test from 1 test suite ran. (6 ms total)
[  PASSED  ] 1 test.
<end of output>
Test time =   0.01 sec
----------------------------------------------------------
Test Passed.
"SpscRing.TwoThreadsFifoIntegrity" end time: May 10 05:32 PDT
"SpscRing.TwoThreadsFifoIntegrity" time elapsed: 00:00:00
----------------------------------------------------------

22/66 Testing: OrderBook.EmptyBook
22/66 Test: OrderBook.EmptyBook
Command: "/home/debian/hft/build/tests/core/test_core" "--gtest_filter=OrderBook.EmptyBook" "--gtest_also_run_disabled_tests"
Directory: /home/debian/hft/build/tests/core
"OrderBook.EmptyBook" start time: May 10 05:32 PDT
Output:
----------------------------------------------------------
Running main() from ./googletest/src/gtest_main.cc
Note: Google Test filter = OrderBook.EmptyBook
[==========] Running 1 test from 1 test suite.
[----------] Global test environment set-up.
[----------] 1 test from OrderBook
[ RUN      ] OrderBook.EmptyBook
[       OK ] OrderBook.EmptyBook (0 ms)
[----------] 1 test from OrderBook (0 ms total)

[----------] Global test environment tear-down
[==========] 1 test from 1 test suite ran. (0 ms total)
[  PASSED  ] 1 test.
<end of output>
Test time =   0.00 sec
----------------------------------------------------------
Test Passed.
"OrderBook.EmptyBook" end time: May 10 05:32 PDT
"OrderBook.EmptyBook" time elapsed: 00:00:00
----------------------------------------------------------

23/66 Testing: OrderBook.SingleRestingOrder
23/66 Test: OrderBook.SingleRestingOrder
Command: "/home/debian/hft/build/tests/core/test_core" "--gtest_filter=OrderBook.SingleRestingOrder" "--gtest_also_run_disabled_tests"
Directory: /home/debian/hft/build/tests/core
"OrderBook.SingleRestingOrder" start time: May 10 05:32 PDT
Output:
----------------------------------------------------------
Running main() from ./googletest/src/gtest_main.cc
Note: Google Test filter = OrderBook.SingleRestingOrder
[==========] Running 1 test from 1 test suite.
[----------] Global test environment set-up.
[----------] 1 test from OrderBook
[ RUN      ] OrderBook.SingleRestingOrder
[       OK ] OrderBook.SingleRestingOrder (0 ms)
[----------] 1 test from OrderBook (0 ms total)

[----------] Global test environment tear-down
[==========] 1 test from 1 test suite ran. (0 ms total)
[  PASSED  ] 1 test.
<end of output>
Test time =   0.00 sec
----------------------------------------------------------
Test Passed.
"OrderBook.SingleRestingOrder" end time: May 10 05:32 PDT
"OrderBook.SingleRestingOrder" time elapsed: 00:00:00
----------------------------------------------------------

24/66 Testing: OrderBook.NoCrossNoFill
24/66 Test: OrderBook.NoCrossNoFill
Command: "/home/debian/hft/build/tests/core/test_core" "--gtest_filter=OrderBook.NoCrossNoFill" "--gtest_also_run_disabled_tests"
Directory: /home/debian/hft/build/tests/core
"OrderBook.NoCrossNoFill" start time: May 10 05:32 PDT
Output:
----------------------------------------------------------
Running main() from ./googletest/src/gtest_main.cc
Note: Google Test filter = OrderBook.NoCrossNoFill
[==========] Running 1 test from 1 test suite.
[----------] Global test environment set-up.
[----------] 1 test from OrderBook
[ RUN      ] OrderBook.NoCrossNoFill
[       OK ] OrderBook.NoCrossNoFill (0 ms)
[----------] 1 test from OrderBook (0 ms total)

[----------] Global test environment tear-down
[==========] 1 test from 1 test suite ran. (0 ms total)
[  PASSED  ] 1 test.
<end of output>
Test time =   0.00 sec
----------------------------------------------------------
Test Passed.
"OrderBook.NoCrossNoFill" end time: May 10 05:32 PDT
"OrderBook.NoCrossNoFill" time elapsed: 00:00:00
----------------------------------------------------------

25/66 Testing: OrderBook.MarketableBuyPartialFill
25/66 Test: OrderBook.MarketableBuyPartialFill
Command: "/home/debian/hft/build/tests/core/test_core" "--gtest_filter=OrderBook.MarketableBuyPartialFill" "--gtest_also_run_disabled_tests"
Directory: /home/debian/hft/build/tests/core
"OrderBook.MarketableBuyPartialFill" start time: May 10 05:32 PDT
Output:
----------------------------------------------------------
Running main() from ./googletest/src/gtest_main.cc
Note: Google Test filter = OrderBook.MarketableBuyPartialFill
[==========] Running 1 test from 1 test suite.
[----------] Global test environment set-up.
[----------] 1 test from OrderBook
[ RUN      ] OrderBook.MarketableBuyPartialFill
[       OK ] OrderBook.MarketableBuyPartialFill (0 ms)
[----------] 1 test from OrderBook (0 ms total)

[----------] Global test environment tear-down
[==========] 1 test from 1 test suite ran. (0 ms total)
[  PASSED  ] 1 test.
<end of output>
Test time =   0.00 sec
----------------------------------------------------------
Test Passed.
"OrderBook.MarketableBuyPartialFill" end time: May 10 05:32 PDT
"OrderBook.MarketableBuyPartialFill" time elapsed: 00:00:00
----------------------------------------------------------

26/66 Testing: OrderBook.FifoPriorityAtSamePrice
26/66 Test: OrderBook.FifoPriorityAtSamePrice
Command: "/home/debian/hft/build/tests/core/test_core" "--gtest_filter=OrderBook.FifoPriorityAtSamePrice" "--gtest_also_run_disabled_tests"
Directory: /home/debian/hft/build/tests/core
"OrderBook.FifoPriorityAtSamePrice" start time: May 10 05:32 PDT
Output:
----------------------------------------------------------
Running main() from ./googletest/src/gtest_main.cc
Note: Google Test filter = OrderBook.FifoPriorityAtSamePrice
[==========] Running 1 test from 1 test suite.
[----------] Global test environment set-up.
[----------] 1 test from OrderBook
[ RUN      ] OrderBook.FifoPriorityAtSamePrice
[       OK ] OrderBook.FifoPriorityAtSamePrice (0 ms)
[----------] 1 test from OrderBook (0 ms total)

[----------] Global test environment tear-down
[==========] 1 test from 1 test suite ran. (0 ms total)
[  PASSED  ] 1 test.
<end of output>
Test time =   0.00 sec
----------------------------------------------------------
Test Passed.
"OrderBook.FifoPriorityAtSamePrice" end time: May 10 05:32 PDT
"OrderBook.FifoPriorityAtSamePrice" time elapsed: 00:00:00
----------------------------------------------------------

27/66 Testing: OrderBook.SweepMultipleLevels
27/66 Test: OrderBook.SweepMultipleLevels
Command: "/home/debian/hft/build/tests/core/test_core" "--gtest_filter=OrderBook.SweepMultipleLevels" "--gtest_also_run_disabled_tests"
Directory: /home/debian/hft/build/tests/core
"OrderBook.SweepMultipleLevels" start time: May 10 05:32 PDT
Output:
----------------------------------------------------------
Running main() from ./googletest/src/gtest_main.cc
Note: Google Test filter = OrderBook.SweepMultipleLevels
[==========] Running 1 test from 1 test suite.
[----------] Global test environment set-up.
[----------] 1 test from OrderBook
[ RUN      ] OrderBook.SweepMultipleLevels
[       OK ] OrderBook.SweepMultipleLevels (0 ms)
[----------] 1 test from OrderBook (0 ms total)

[----------] Global test environment tear-down
[==========] 1 test from 1 test suite ran. (0 ms total)
[  PASSED  ] 1 test.
<end of output>
Test time =   0.00 sec
----------------------------------------------------------
Test Passed.
"OrderBook.SweepMultipleLevels" end time: May 10 05:32 PDT
"OrderBook.SweepMultipleLevels" time elapsed: 00:00:00
----------------------------------------------------------

28/66 Testing: OrderBook.CancelRemovesFromLevel
28/66 Test: OrderBook.CancelRemovesFromLevel
Command: "/home/debian/hft/build/tests/core/test_core" "--gtest_filter=OrderBook.CancelRemovesFromLevel" "--gtest_also_run_disabled_tests"
Directory: /home/debian/hft/build/tests/core
"OrderBook.CancelRemovesFromLevel" start time: May 10 05:32 PDT
Output:
----------------------------------------------------------
Running main() from ./googletest/src/gtest_main.cc
Note: Google Test filter = OrderBook.CancelRemovesFromLevel
[==========] Running 1 test from 1 test suite.
[----------] Global test environment set-up.
[----------] 1 test from OrderBook
[ RUN      ] OrderBook.CancelRemovesFromLevel
[       OK ] OrderBook.CancelRemovesFromLevel (0 ms)
[----------] 1 test from OrderBook (0 ms total)

[----------] Global test environment tear-down
[==========] 1 test from 1 test suite ran. (0 ms total)
[  PASSED  ] 1 test.
<end of output>
Test time =   0.00 sec
----------------------------------------------------------
Test Passed.
"OrderBook.CancelRemovesFromLevel" end time: May 10 05:32 PDT
"OrderBook.CancelRemovesFromLevel" time elapsed: 00:00:00
----------------------------------------------------------

29/66 Testing: OrderBook.CancelUnknownIdReturnsFalse
29/66 Test: OrderBook.CancelUnknownIdReturnsFalse
Command: "/home/debian/hft/build/tests/core/test_core" "--gtest_filter=OrderBook.CancelUnknownIdReturnsFalse" "--gtest_also_run_disabled_tests"
Directory: /home/debian/hft/build/tests/core
"OrderBook.CancelUnknownIdReturnsFalse" start time: May 10 05:32 PDT
Output:
----------------------------------------------------------
Running main() from ./googletest/src/gtest_main.cc
Note: Google Test filter = OrderBook.CancelUnknownIdReturnsFalse
[==========] Running 1 test from 1 test suite.
[----------] Global test environment set-up.
[----------] 1 test from OrderBook
[ RUN      ] OrderBook.CancelUnknownIdReturnsFalse
[       OK ] OrderBook.CancelUnknownIdReturnsFalse (0 ms)
[----------] 1 test from OrderBook (0 ms total)

[----------] Global test environment tear-down
[==========] 1 test from 1 test suite ran. (0 ms total)
[  PASSED  ] 1 test.
<end of output>
Test time =   0.00 sec
----------------------------------------------------------
Test Passed.
"OrderBook.CancelUnknownIdReturnsFalse" end time: May 10 05:32 PDT
"OrderBook.CancelUnknownIdReturnsFalse" time elapsed: 00:00:00
----------------------------------------------------------

30/66 Testing: OrderBook.RestedResidualAfterPartialCross
30/66 Test: OrderBook.RestedResidualAfterPartialCross
Command: "/home/debian/hft/build/tests/core/test_core" "--gtest_filter=OrderBook.RestedResidualAfterPartialCross" "--gtest_also_run_disabled_tests"
Directory: /home/debian/hft/build/tests/core
"OrderBook.RestedResidualAfterPartialCross" start time: May 10 05:32 PDT
Output:
----------------------------------------------------------
Running main() from ./googletest/src/gtest_main.cc
Note: Google Test filter = OrderBook.RestedResidualAfterPartialCross
[==========] Running 1 test from 1 test suite.
[----------] Global test environment set-up.
[----------] 1 test from OrderBook
[ RUN      ] OrderBook.RestedResidualAfterPartialCross
[       OK ] OrderBook.RestedResidualAfterPartialCross (0 ms)
[----------] 1 test from OrderBook (0 ms total)

[----------] Global test environment tear-down
[==========] 1 test from 1 test suite ran. (0 ms total)
[  PASSED  ] 1 test.
<end of output>
Test time =   0.00 sec
----------------------------------------------------------
Test Passed.
"OrderBook.RestedResidualAfterPartialCross" end time: May 10 05:32 PDT
"OrderBook.RestedResidualAfterPartialCross" time elapsed: 00:00:00
----------------------------------------------------------

31/66 Testing: OrderBookReduce.ShrinksQtyAndLevelTotal
31/66 Test: OrderBookReduce.ShrinksQtyAndLevelTotal
Command: "/home/debian/hft/build/tests/core/test_core" "--gtest_filter=OrderBookReduce.ShrinksQtyAndLevelTotal" "--gtest_also_run_disabled_tests"
Directory: /home/debian/hft/build/tests/core
"OrderBookReduce.ShrinksQtyAndLevelTotal" start time: May 10 05:32 PDT
Output:
----------------------------------------------------------
Running main() from ./googletest/src/gtest_main.cc
Note: Google Test filter = OrderBookReduce.ShrinksQtyAndLevelTotal
[==========] Running 1 test from 1 test suite.
[----------] Global test environment set-up.
[----------] 1 test from OrderBookReduce
[ RUN      ] OrderBookReduce.ShrinksQtyAndLevelTotal
[       OK ] OrderBookReduce.ShrinksQtyAndLevelTotal (0 ms)
[----------] 1 test from OrderBookReduce (0 ms total)

[----------] Global test environment tear-down
[==========] 1 test from 1 test suite ran. (0 ms total)
[  PASSED  ] 1 test.
<end of output>
Test time =   0.00 sec
----------------------------------------------------------
Test Passed.
"OrderBookReduce.ShrinksQtyAndLevelTotal" end time: May 10 05:32 PDT
"OrderBookReduce.ShrinksQtyAndLevelTotal" time elapsed: 00:00:00
----------------------------------------------------------

32/66 Testing: OrderBookReduce.PreservesTimePriority
32/66 Test: OrderBookReduce.PreservesTimePriority
Command: "/home/debian/hft/build/tests/core/test_core" "--gtest_filter=OrderBookReduce.PreservesTimePriority" "--gtest_also_run_disabled_tests"
Directory: /home/debian/hft/build/tests/core
"OrderBookReduce.PreservesTimePriority" start time: May 10 05:32 PDT
Output:
----------------------------------------------------------
Running main() from ./googletest/src/gtest_main.cc
Note: Google Test filter = OrderBookReduce.PreservesTimePriority
[==========] Running 1 test from 1 test suite.
[----------] Global test environment set-up.
[----------] 1 test from OrderBookReduce
[ RUN      ] OrderBookReduce.PreservesTimePriority
[       OK ] OrderBookReduce.PreservesTimePriority (0 ms)
[----------] 1 test from OrderBookReduce (0 ms total)

[----------] Global test environment tear-down
[==========] 1 test from 1 test suite ran. (0 ms total)
[  PASSED  ] 1 test.
<end of output>
Test time =   0.00 sec
----------------------------------------------------------
Test Passed.
"OrderBookReduce.PreservesTimePriority" end time: May 10 05:32 PDT
"OrderBookReduce.PreservesTimePriority" time elapsed: 00:00:00
----------------------------------------------------------

33/66 Testing: OrderBookReduce.RejectsGrowEqualZero
33/66 Test: OrderBookReduce.RejectsGrowEqualZero
Command: "/home/debian/hft/build/tests/core/test_core" "--gtest_filter=OrderBookReduce.RejectsGrowEqualZero" "--gtest_also_run_disabled_tests"
Directory: /home/debian/hft/build/tests/core
"OrderBookReduce.RejectsGrowEqualZero" start time: May 10 05:32 PDT
Output:
----------------------------------------------------------
Running main() from ./googletest/src/gtest_main.cc
Note: Google Test filter = OrderBookReduce.RejectsGrowEqualZero
[==========] Running 1 test from 1 test suite.
[----------] Global test environment set-up.
[----------] 1 test from OrderBookReduce
[ RUN      ] OrderBookReduce.RejectsGrowEqualZero
[       OK ] OrderBookReduce.RejectsGrowEqualZero (0 ms)
[----------] 1 test from OrderBookReduce (0 ms total)

[----------] Global test environment tear-down
[==========] 1 test from 1 test suite ran. (0 ms total)
[  PASSED  ] 1 test.
<end of output>
Test time =   0.00 sec
----------------------------------------------------------
Test Passed.
"OrderBookReduce.RejectsGrowEqualZero" end time: May 10 05:32 PDT
"OrderBookReduce.RejectsGrowEqualZero" time elapsed: 00:00:00
----------------------------------------------------------

34/66 Testing: OrderBookReduce.UnknownIdFails
34/66 Test: OrderBookReduce.UnknownIdFails
Command: "/home/debian/hft/build/tests/core/test_core" "--gtest_filter=OrderBookReduce.UnknownIdFails" "--gtest_also_run_disabled_tests"
Directory: /home/debian/hft/build/tests/core
"OrderBookReduce.UnknownIdFails" start time: May 10 05:32 PDT
Output:
----------------------------------------------------------
Running main() from ./googletest/src/gtest_main.cc
Note: Google Test filter = OrderBookReduce.UnknownIdFails
[==========] Running 1 test from 1 test suite.
[----------] Global test environment set-up.
[----------] 1 test from OrderBookReduce
[ RUN      ] OrderBookReduce.UnknownIdFails
[       OK ] OrderBookReduce.UnknownIdFails (0 ms)
[----------] 1 test from OrderBookReduce (0 ms total)

[----------] Global test environment tear-down
[==========] 1 test from 1 test suite ran. (0 ms total)
[  PASSED  ] 1 test.
<end of output>
Test time =   0.00 sec
----------------------------------------------------------
Test Passed.
"OrderBookReduce.UnknownIdFails" end time: May 10 05:32 PDT
"OrderBookReduce.UnknownIdFails" time elapsed: 00:00:00
----------------------------------------------------------

35/66 Testing: OrderBookExecute.PartialKeepsOrder
35/66 Test: OrderBookExecute.PartialKeepsOrder
Command: "/home/debian/hft/build/tests/core/test_core" "--gtest_filter=OrderBookExecute.PartialKeepsOrder" "--gtest_also_run_disabled_tests"
Directory: /home/debian/hft/build/tests/core
"OrderBookExecute.PartialKeepsOrder" start time: May 10 05:32 PDT
Output:
----------------------------------------------------------
Running main() from ./googletest/src/gtest_main.cc
Note: Google Test filter = OrderBookExecute.PartialKeepsOrder
[==========] Running 1 test from 1 test suite.
[----------] Global test environment set-up.
[----------] 1 test from OrderBookExecute
[ RUN      ] OrderBookExecute.PartialKeepsOrder
[       OK ] OrderBookExecute.PartialKeepsOrder (0 ms)
[----------] 1 test from OrderBookExecute (0 ms total)

[----------] Global test environment tear-down
[==========] 1 test from 1 test suite ran. (0 ms total)
[  PASSED  ] 1 test.
<end of output>
Test time =   0.00 sec
----------------------------------------------------------
Test Passed.
"OrderBookExecute.PartialKeepsOrder" end time: May 10 05:32 PDT
"OrderBookExecute.PartialKeepsOrder" time elapsed: 00:00:00
----------------------------------------------------------

36/66 Testing: OrderBookExecute.FullRemovesOrderAndLevel
36/66 Test: OrderBookExecute.FullRemovesOrderAndLevel
Command: "/home/debian/hft/build/tests/core/test_core" "--gtest_filter=OrderBookExecute.FullRemovesOrderAndLevel" "--gtest_also_run_disabled_tests"
Directory: /home/debian/hft/build/tests/core
"OrderBookExecute.FullRemovesOrderAndLevel" start time: May 10 05:32 PDT
Output:
----------------------------------------------------------
Running main() from ./googletest/src/gtest_main.cc
Note: Google Test filter = OrderBookExecute.FullRemovesOrderAndLevel
[==========] Running 1 test from 1 test suite.
[----------] Global test environment set-up.
[----------] 1 test from OrderBookExecute
[ RUN      ] OrderBookExecute.FullRemovesOrderAndLevel
[       OK ] OrderBookExecute.FullRemovesOrderAndLevel (0 ms)
[----------] 1 test from OrderBookExecute (0 ms total)

[----------] Global test environment tear-down
[==========] 1 test from 1 test suite ran. (0 ms total)
[  PASSED  ] 1 test.
<end of output>
Test time =   0.00 sec
----------------------------------------------------------
Test Passed.
"OrderBookExecute.FullRemovesOrderAndLevel" end time: May 10 05:32 PDT
"OrderBookExecute.FullRemovesOrderAndLevel" time elapsed: 00:00:00
----------------------------------------------------------

37/66 Testing: OrderBookExecute.FullKeepsLevelIfOthersRest
37/66 Test: OrderBookExecute.FullKeepsLevelIfOthersRest
Command: "/home/debian/hft/build/tests/core/test_core" "--gtest_filter=OrderBookExecute.FullKeepsLevelIfOthersRest" "--gtest_also_run_disabled_tests"
Directory: /home/debian/hft/build/tests/core
"OrderBookExecute.FullKeepsLevelIfOthersRest" start time: May 10 05:32 PDT
Output:
----------------------------------------------------------
Running main() from ./googletest/src/gtest_main.cc
Note: Google Test filter = OrderBookExecute.FullKeepsLevelIfOthersRest
[==========] Running 1 test from 1 test suite.
[----------] Global test environment set-up.
[----------] 1 test from OrderBookExecute
[ RUN      ] OrderBookExecute.FullKeepsLevelIfOthersRest
[       OK ] OrderBookExecute.FullKeepsLevelIfOthersRest (0 ms)
[----------] 1 test from OrderBookExecute (0 ms total)

[----------] Global test environment tear-down
[==========] 1 test from 1 test suite ran. (0 ms total)
[  PASSED  ] 1 test.
<end of output>
Test time =   0.00 sec
----------------------------------------------------------
Test Passed.
"OrderBookExecute.FullKeepsLevelIfOthersRest" end time: May 10 05:32 PDT
"OrderBookExecute.FullKeepsLevelIfOthersRest" time elapsed: 00:00:00
----------------------------------------------------------

38/66 Testing: OrderBookExecute.OverfillRejects
38/66 Test: OrderBookExecute.OverfillRejects
Command: "/home/debian/hft/build/tests/core/test_core" "--gtest_filter=OrderBookExecute.OverfillRejects" "--gtest_also_run_disabled_tests"
Directory: /home/debian/hft/build/tests/core
"OrderBookExecute.OverfillRejects" start time: May 10 05:32 PDT
Output:
----------------------------------------------------------
Running main() from ./googletest/src/gtest_main.cc
Note: Google Test filter = OrderBookExecute.OverfillRejects
[==========] Running 1 test from 1 test suite.
[----------] Global test environment set-up.
[----------] 1 test from OrderBookExecute
[ RUN      ] OrderBookExecute.OverfillRejects
[       OK ] OrderBookExecute.OverfillRejects (0 ms)
[----------] 1 test from OrderBookExecute (0 ms total)

[----------] Global test environment tear-down
[==========] 1 test from 1 test suite ran. (0 ms total)
[  PASSED  ] 1 test.
<end of output>
Test time =   0.00 sec
----------------------------------------------------------
Test Passed.
"OrderBookExecute.OverfillRejects" end time: May 10 05:32 PDT
"OrderBookExecute.OverfillRejects" time elapsed: 00:00:00
----------------------------------------------------------

39/66 Testing: OrderBookExecute.ZeroRejects
39/66 Test: OrderBookExecute.ZeroRejects
Command: "/home/debian/hft/build/tests/core/test_core" "--gtest_filter=OrderBookExecute.ZeroRejects" "--gtest_also_run_disabled_tests"
Directory: /home/debian/hft/build/tests/core
"OrderBookExecute.ZeroRejects" start time: May 10 05:32 PDT
Output:
----------------------------------------------------------
Running main() from ./googletest/src/gtest_main.cc
Note: Google Test filter = OrderBookExecute.ZeroRejects
[==========] Running 1 test from 1 test suite.
[----------] Global test environment set-up.
[----------] 1 test from OrderBookExecute
[ RUN      ] OrderBookExecute.ZeroRejects
[       OK ] OrderBookExecute.ZeroRejects (0 ms)
[----------] 1 test from OrderBookExecute (0 ms total)

[----------] Global test environment tear-down
[==========] 1 test from 1 test suite ran. (0 ms total)
[  PASSED  ] 1 test.
<end of output>
Test time =   0.00 sec
----------------------------------------------------------
Test Passed.
"OrderBookExecute.ZeroRejects" end time: May 10 05:32 PDT
"OrderBookExecute.ZeroRejects" time elapsed: 00:00:00
----------------------------------------------------------

40/66 Testing: OrderBookExecute.UnknownIdFails
40/66 Test: OrderBookExecute.UnknownIdFails
Command: "/home/debian/hft/build/tests/core/test_core" "--gtest_filter=OrderBookExecute.UnknownIdFails" "--gtest_also_run_disabled_tests"
Directory: /home/debian/hft/build/tests/core
"OrderBookExecute.UnknownIdFails" start time: May 10 05:32 PDT
Output:
----------------------------------------------------------
Running main() from ./googletest/src/gtest_main.cc
Note: Google Test filter = OrderBookExecute.UnknownIdFails
[==========] Running 1 test from 1 test suite.
[----------] Global test environment set-up.
[----------] 1 test from OrderBookExecute
[ RUN      ] OrderBookExecute.UnknownIdFails
[       OK ] OrderBookExecute.UnknownIdFails (0 ms)
[----------] 1 test from OrderBookExecute (0 ms total)

[----------] Global test environment tear-down
[==========] 1 test from 1 test suite ran. (0 ms total)
[  PASSED  ] 1 test.
<end of output>
Test time =   0.00 sec
----------------------------------------------------------
Test Passed.
"OrderBookExecute.UnknownIdFails" end time: May 10 05:32 PDT
"OrderBookExecute.UnknownIdFails" time elapsed: 00:00:00
----------------------------------------------------------

41/66 Testing: OrderBookReduceExecute.ReduceThenExecuteToZero
41/66 Test: OrderBookReduceExecute.ReduceThenExecuteToZero
Command: "/home/debian/hft/build/tests/core/test_core" "--gtest_filter=OrderBookReduceExecute.ReduceThenExecuteToZero" "--gtest_also_run_disabled_tests"
Directory: /home/debian/hft/build/tests/core
"OrderBookReduceExecute.ReduceThenExecuteToZero" start time: May 10 05:32 PDT
Output:
----------------------------------------------------------
Running main() from ./googletest/src/gtest_main.cc
Note: Google Test filter = OrderBookReduceExecute.ReduceThenExecuteToZero
[==========] Running 1 test from 1 test suite.
[----------] Global test environment set-up.
[----------] 1 test from OrderBookReduceExecute
[ RUN      ] OrderBookReduceExecute.ReduceThenExecuteToZero
[       OK ] OrderBookReduceExecute.ReduceThenExecuteToZero (0 ms)
[----------] 1 test from OrderBookReduceExecute (0 ms total)

[----------] Global test environment tear-down
[==========] 1 test from 1 test suite ran. (0 ms total)
[  PASSED  ] 1 test.
<end of output>
Test time =   0.00 sec
----------------------------------------------------------
Test Passed.
"OrderBookReduceExecute.ReduceThenExecuteToZero" end time: May 10 05:32 PDT
"OrderBookReduceExecute.ReduceThenExecuteToZero" time elapsed: 00:00:00
----------------------------------------------------------

42/66 Testing: BookBuilder.AddCreatesBookAndRests
42/66 Test: BookBuilder.AddCreatesBookAndRests
Command: "/home/debian/hft/build/tests/pipeline/test_book_builder" "--gtest_filter=BookBuilder.AddCreatesBookAndRests" "--gtest_also_run_disabled_tests"
Directory: /home/debian/hft/build/tests/pipeline
"BookBuilder.AddCreatesBookAndRests" start time: May 10 05:32 PDT
Output:
----------------------------------------------------------
Running main() from ./googletest/src/gtest_main.cc
Note: Google Test filter = BookBuilder.AddCreatesBookAndRests
[==========] Running 1 test from 1 test suite.
[----------] Global test environment set-up.
[----------] 1 test from BookBuilder
[ RUN      ] BookBuilder.AddCreatesBookAndRests
[       OK ] BookBuilder.AddCreatesBookAndRests (0 ms)
[----------] 1 test from BookBuilder (0 ms total)

[----------] Global test environment tear-down
[==========] 1 test from 1 test suite ran. (0 ms total)
[  PASSED  ] 1 test.
<end of output>
Test time =   0.00 sec
----------------------------------------------------------
Test Passed.
"BookBuilder.AddCreatesBookAndRests" end time: May 10 05:32 PDT
"BookBuilder.AddCreatesBookAndRests" time elapsed: 00:00:00
----------------------------------------------------------

43/66 Testing: BookBuilder.CancelRemovesOrder
43/66 Test: BookBuilder.CancelRemovesOrder
Command: "/home/debian/hft/build/tests/pipeline/test_book_builder" "--gtest_filter=BookBuilder.CancelRemovesOrder" "--gtest_also_run_disabled_tests"
Directory: /home/debian/hft/build/tests/pipeline
"BookBuilder.CancelRemovesOrder" start time: May 10 05:32 PDT
Output:
----------------------------------------------------------
Running main() from ./googletest/src/gtest_main.cc
Note: Google Test filter = BookBuilder.CancelRemovesOrder
[==========] Running 1 test from 1 test suite.
[----------] Global test environment set-up.
[----------] 1 test from BookBuilder
[ RUN      ] BookBuilder.CancelRemovesOrder
[       OK ] BookBuilder.CancelRemovesOrder (0 ms)
[----------] 1 test from BookBuilder (0 ms total)

[----------] Global test environment tear-down
[==========] 1 test from 1 test suite ran. (0 ms total)
[  PASSED  ] 1 test.
<end of output>
Test time =   0.00 sec
----------------------------------------------------------
Test Passed.
"BookBuilder.CancelRemovesOrder" end time: May 10 05:32 PDT
"BookBuilder.CancelRemovesOrder" time elapsed: 00:00:00
----------------------------------------------------------

44/66 Testing: BookBuilder.ReduceShrinksQty
44/66 Test: BookBuilder.ReduceShrinksQty
Command: "/home/debian/hft/build/tests/pipeline/test_book_builder" "--gtest_filter=BookBuilder.ReduceShrinksQty" "--gtest_also_run_disabled_tests"
Directory: /home/debian/hft/build/tests/pipeline
"BookBuilder.ReduceShrinksQty" start time: May 10 05:32 PDT
Output:
----------------------------------------------------------
Running main() from ./googletest/src/gtest_main.cc
Note: Google Test filter = BookBuilder.ReduceShrinksQty
[==========] Running 1 test from 1 test suite.
[----------] Global test environment set-up.
[----------] 1 test from BookBuilder
[ RUN      ] BookBuilder.ReduceShrinksQty
[       OK ] BookBuilder.ReduceShrinksQty (0 ms)
[----------] 1 test from BookBuilder (0 ms total)

[----------] Global test environment tear-down
[==========] 1 test from 1 test suite ran. (0 ms total)
[  PASSED  ] 1 test.
<end of output>
Test time =   0.00 sec
----------------------------------------------------------
Test Passed.
"BookBuilder.ReduceShrinksQty" end time: May 10 05:32 PDT
"BookBuilder.ReduceShrinksQty" time elapsed: 00:00:00
----------------------------------------------------------

45/66 Testing: BookBuilder.ExecPartial
45/66 Test: BookBuilder.ExecPartial
Command: "/home/debian/hft/build/tests/pipeline/test_book_builder" "--gtest_filter=BookBuilder.ExecPartial" "--gtest_also_run_disabled_tests"
Directory: /home/debian/hft/build/tests/pipeline
"BookBuilder.ExecPartial" start time: May 10 05:32 PDT
Output:
----------------------------------------------------------
Running main() from ./googletest/src/gtest_main.cc
Note: Google Test filter = BookBuilder.ExecPartial
[==========] Running 1 test from 1 test suite.
[----------] Global test environment set-up.
[----------] 1 test from BookBuilder
[ RUN      ] BookBuilder.ExecPartial
[       OK ] BookBuilder.ExecPartial (0 ms)
[----------] 1 test from BookBuilder (0 ms total)

[----------] Global test environment tear-down
[==========] 1 test from 1 test suite ran. (0 ms total)
[  PASSED  ] 1 test.
<end of output>
Test time =   0.00 sec
----------------------------------------------------------
Test Passed.
"BookBuilder.ExecPartial" end time: May 10 05:32 PDT
"BookBuilder.ExecPartial" time elapsed: 00:00:00
----------------------------------------------------------

46/66 Testing: BookBuilder.ExecFullRemoves
46/66 Test: BookBuilder.ExecFullRemoves
Command: "/home/debian/hft/build/tests/pipeline/test_book_builder" "--gtest_filter=BookBuilder.ExecFullRemoves" "--gtest_also_run_disabled_tests"
Directory: /home/debian/hft/build/tests/pipeline
"BookBuilder.ExecFullRemoves" start time: May 10 05:32 PDT
Output:
----------------------------------------------------------
Running main() from ./googletest/src/gtest_main.cc
Note: Google Test filter = BookBuilder.ExecFullRemoves
[==========] Running 1 test from 1 test suite.
[----------] Global test environment set-up.
[----------] 1 test from BookBuilder
[ RUN      ] BookBuilder.ExecFullRemoves
[       OK ] BookBuilder.ExecFullRemoves (0 ms)
[----------] 1 test from BookBuilder (0 ms total)

[----------] Global test environment tear-down
[==========] 1 test from 1 test suite ran. (0 ms total)
[  PASSED  ] 1 test.
<end of output>
Test time =   0.00 sec
----------------------------------------------------------
Test Passed.
"BookBuilder.ExecFullRemoves" end time: May 10 05:32 PDT
"BookBuilder.ExecFullRemoves" time elapsed: 00:00:00
----------------------------------------------------------

47/66 Testing: BookBuilder.ReplaceCancelsOldAddsNew
47/66 Test: BookBuilder.ReplaceCancelsOldAddsNew
Command: "/home/debian/hft/build/tests/pipeline/test_book_builder" "--gtest_filter=BookBuilder.ReplaceCancelsOldAddsNew" "--gtest_also_run_disabled_tests"
Directory: /home/debian/hft/build/tests/pipeline
"BookBuilder.ReplaceCancelsOldAddsNew" start time: May 10 05:32 PDT
Output:
----------------------------------------------------------
Running main() from ./googletest/src/gtest_main.cc
Note: Google Test filter = BookBuilder.ReplaceCancelsOldAddsNew
[==========] Running 1 test from 1 test suite.
[----------] Global test environment set-up.
[----------] 1 test from BookBuilder
[ RUN      ] BookBuilder.ReplaceCancelsOldAddsNew
[       OK ] BookBuilder.ReplaceCancelsOldAddsNew (0 ms)
[----------] 1 test from BookBuilder (0 ms total)

[----------] Global test environment tear-down
[==========] 1 test from 1 test suite ran. (0 ms total)
[  PASSED  ] 1 test.
<end of output>
Test time =   0.00 sec
----------------------------------------------------------
Test Passed.
"BookBuilder.ReplaceCancelsOldAddsNew" end time: May 10 05:32 PDT
"BookBuilder.ReplaceCancelsOldAddsNew" time elapsed: 00:00:00
----------------------------------------------------------

48/66 Testing: BookBuilder.TradeDoesNotTouchBook
48/66 Test: BookBuilder.TradeDoesNotTouchBook
Command: "/home/debian/hft/build/tests/pipeline/test_book_builder" "--gtest_filter=BookBuilder.TradeDoesNotTouchBook" "--gtest_also_run_disabled_tests"
Directory: /home/debian/hft/build/tests/pipeline
"BookBuilder.TradeDoesNotTouchBook" start time: May 10 05:32 PDT
Output:
----------------------------------------------------------
Running main() from ./googletest/src/gtest_main.cc
Note: Google Test filter = BookBuilder.TradeDoesNotTouchBook
[==========] Running 1 test from 1 test suite.
[----------] Global test environment set-up.
[----------] 1 test from BookBuilder
[ RUN      ] BookBuilder.TradeDoesNotTouchBook
[       OK ] BookBuilder.TradeDoesNotTouchBook (0 ms)
[----------] 1 test from BookBuilder (0 ms total)

[----------] Global test environment tear-down
[==========] 1 test from 1 test suite ran. (0 ms total)
[  PASSED  ] 1 test.
<end of output>
Test time =   0.00 sec
----------------------------------------------------------
Test Passed.
"BookBuilder.TradeDoesNotTouchBook" end time: May 10 05:32 PDT
"BookBuilder.TradeDoesNotTouchBook" time elapsed: 00:00:00
----------------------------------------------------------

49/66 Testing: BookBuilder.ClearErasesBook
49/66 Test: BookBuilder.ClearErasesBook
Command: "/home/debian/hft/build/tests/pipeline/test_book_builder" "--gtest_filter=BookBuilder.ClearErasesBook" "--gtest_also_run_disabled_tests"
Directory: /home/debian/hft/build/tests/pipeline
"BookBuilder.ClearErasesBook" start time: May 10 05:32 PDT
Output:
----------------------------------------------------------
Running main() from ./googletest/src/gtest_main.cc
Note: Google Test filter = BookBuilder.ClearErasesBook
[==========] Running 1 test from 1 test suite.
[----------] Global test environment set-up.
[----------] 1 test from BookBuilder
[ RUN      ] BookBuilder.ClearErasesBook
[       OK ] BookBuilder.ClearErasesBook (0 ms)
[----------] 1 test from BookBuilder (0 ms total)

[----------] Global test environment tear-down
[==========] 1 test from 1 test suite ran. (0 ms total)
[  PASSED  ] 1 test.
<end of output>
Test time =   0.00 sec
----------------------------------------------------------
Test Passed.
"BookBuilder.ClearErasesBook" end time: May 10 05:32 PDT
"BookBuilder.ClearErasesBook" time elapsed: 00:00:00
----------------------------------------------------------

50/66 Testing: BookBuilder.PerSymbolIsolation
50/66 Test: BookBuilder.PerSymbolIsolation
Command: "/home/debian/hft/build/tests/pipeline/test_book_builder" "--gtest_filter=BookBuilder.PerSymbolIsolation" "--gtest_also_run_disabled_tests"
Directory: /home/debian/hft/build/tests/pipeline
"BookBuilder.PerSymbolIsolation" start time: May 10 05:32 PDT
Output:
----------------------------------------------------------
Running main() from ./googletest/src/gtest_main.cc
Note: Google Test filter = BookBuilder.PerSymbolIsolation
[==========] Running 1 test from 1 test suite.
[----------] Global test environment set-up.
[----------] 1 test from BookBuilder
[ RUN      ] BookBuilder.PerSymbolIsolation
[       OK ] BookBuilder.PerSymbolIsolation (0 ms)
[----------] 1 test from BookBuilder (0 ms total)

[----------] Global test environment tear-down
[==========] 1 test from 1 test suite ran. (0 ms total)
[  PASSED  ] 1 test.
<end of output>
Test time =   0.00 sec
----------------------------------------------------------
Test Passed.
"BookBuilder.PerSymbolIsolation" end time: May 10 05:32 PDT
"BookBuilder.PerSymbolIsolation" time elapsed: 00:00:00
----------------------------------------------------------

51/66 Testing: BookBuilder.SameIdDifferentSymbolsDoNotCollide
51/66 Test: BookBuilder.SameIdDifferentSymbolsDoNotCollide
Command: "/home/debian/hft/build/tests/pipeline/test_book_builder" "--gtest_filter=BookBuilder.SameIdDifferentSymbolsDoNotCollide" "--gtest_also_run_disabled_tests"
Directory: /home/debian/hft/build/tests/pipeline
"BookBuilder.SameIdDifferentSymbolsDoNotCollide" start time: May 10 05:32 PDT
Output:
----------------------------------------------------------
Running main() from ./googletest/src/gtest_main.cc
Note: Google Test filter = BookBuilder.SameIdDifferentSymbolsDoNotCollide
[==========] Running 1 test from 1 test suite.
[----------] Global test environment set-up.
[----------] 1 test from BookBuilder
[ RUN      ] BookBuilder.SameIdDifferentSymbolsDoNotCollide
[       OK ] BookBuilder.SameIdDifferentSymbolsDoNotCollide (0 ms)
[----------] 1 test from BookBuilder (0 ms total)

[----------] Global test environment tear-down
[==========] 1 test from 1 test suite ran. (0 ms total)
[  PASSED  ] 1 test.
<end of output>
Test time =   0.00 sec
----------------------------------------------------------
Test Passed.
"BookBuilder.SameIdDifferentSymbolsDoNotCollide" end time: May 10 05:32 PDT
"BookBuilder.SameIdDifferentSymbolsDoNotCollide" time elapsed: 00:00:00
----------------------------------------------------------

52/66 Testing: BookBuilder.NextStageSeesEveryEventAndUpdatedBook
52/66 Test: BookBuilder.NextStageSeesEveryEventAndUpdatedBook
Command: "/home/debian/hft/build/tests/pipeline/test_book_builder" "--gtest_filter=BookBuilder.NextStageSeesEveryEventAndUpdatedBook" "--gtest_also_run_disabled_tests"
Directory: /home/debian/hft/build/tests/pipeline
"BookBuilder.NextStageSeesEveryEventAndUpdatedBook" start time: May 10 05:32 PDT
Output:
----------------------------------------------------------
Running main() from ./googletest/src/gtest_main.cc
Note: Google Test filter = BookBuilder.NextStageSeesEveryEventAndUpdatedBook
[==========] Running 1 test from 1 test suite.
[----------] Global test environment set-up.
[----------] 1 test from BookBuilder
[ RUN      ] BookBuilder.NextStageSeesEveryEventAndUpdatedBook
[       OK ] BookBuilder.NextStageSeesEveryEventAndUpdatedBook (0 ms)
[----------] 1 test from BookBuilder (0 ms total)

[----------] Global test environment tear-down
[==========] 1 test from 1 test suite ran. (0 ms total)
[  PASSED  ] 1 test.
<end of output>
Test time =   0.00 sec
----------------------------------------------------------
Test Passed.
"BookBuilder.NextStageSeesEveryEventAndUpdatedBook" end time: May 10 05:32 PDT
"BookBuilder.NextStageSeesEveryEventAndUpdatedBook" time elapsed: 00:00:00
----------------------------------------------------------

53/66 Testing: BinaryParser.NeedMoreOnEmpty
53/66 Test: BinaryParser.NeedMoreOnEmpty
Command: "/home/debian/hft/build/tests/md/test_binary_parser" "--gtest_filter=BinaryParser.NeedMoreOnEmpty" "--gtest_also_run_disabled_tests"
Directory: /home/debian/hft/build/tests/md
"BinaryParser.NeedMoreOnEmpty" start time: May 10 05:32 PDT
Output:
----------------------------------------------------------
Running main() from ./googletest/src/gtest_main.cc
Note: Google Test filter = BinaryParser.NeedMoreOnEmpty
[==========] Running 1 test from 1 test suite.
[----------] Global test environment set-up.
[----------] 1 test from BinaryParser
[ RUN      ] BinaryParser.NeedMoreOnEmpty
[       OK ] BinaryParser.NeedMoreOnEmpty (0 ms)
[----------] 1 test from BinaryParser (0 ms total)

[----------] Global test environment tear-down
[==========] 1 test from 1 test suite ran. (0 ms total)
[  PASSED  ] 1 test.
<end of output>
Test time =   0.00 sec
----------------------------------------------------------
Test Passed.
"BinaryParser.NeedMoreOnEmpty" end time: May 10 05:32 PDT
"BinaryParser.NeedMoreOnEmpty" time elapsed: 00:00:00
----------------------------------------------------------

54/66 Testing: BinaryParser.NeedMoreOnPartialHeader
54/66 Test: BinaryParser.NeedMoreOnPartialHeader
Command: "/home/debian/hft/build/tests/md/test_binary_parser" "--gtest_filter=BinaryParser.NeedMoreOnPartialHeader" "--gtest_also_run_disabled_tests"
Directory: /home/debian/hft/build/tests/md
"BinaryParser.NeedMoreOnPartialHeader" start time: May 10 05:32 PDT
Output:
----------------------------------------------------------
Running main() from ./googletest/src/gtest_main.cc
Note: Google Test filter = BinaryParser.NeedMoreOnPartialHeader
[==========] Running 1 test from 1 test suite.
[----------] Global test environment set-up.
[----------] 1 test from BinaryParser
[ RUN      ] BinaryParser.NeedMoreOnPartialHeader
[       OK ] BinaryParser.NeedMoreOnPartialHeader (0 ms)
[----------] 1 test from BinaryParser (0 ms total)

[----------] Global test environment tear-down
[==========] 1 test from 1 test suite ran. (0 ms total)
[  PASSED  ] 1 test.
<end of output>
Test time =   0.00 sec
----------------------------------------------------------
Test Passed.
"BinaryParser.NeedMoreOnPartialHeader" end time: May 10 05:32 PDT
"BinaryParser.NeedMoreOnPartialHeader" time elapsed: 00:00:00
----------------------------------------------------------

55/66 Testing: BinaryParser.Add_Roundtrip
55/66 Test: BinaryParser.Add_Roundtrip
Command: "/home/debian/hft/build/tests/md/test_binary_parser" "--gtest_filter=BinaryParser.Add_Roundtrip" "--gtest_also_run_disabled_tests"
Directory: /home/debian/hft/build/tests/md
"BinaryParser.Add_Roundtrip" start time: May 10 05:32 PDT
Output:
----------------------------------------------------------
Running main() from ./googletest/src/gtest_main.cc
Note: Google Test filter = BinaryParser.Add_Roundtrip
[==========] Running 1 test from 1 test suite.
[----------] Global test environment set-up.
[----------] 1 test from BinaryParser
[ RUN      ] BinaryParser.Add_Roundtrip
[       OK ] BinaryParser.Add_Roundtrip (0 ms)
[----------] 1 test from BinaryParser (0 ms total)

[----------] Global test environment tear-down
[==========] 1 test from 1 test suite ran. (0 ms total)
[  PASSED  ] 1 test.
<end of output>
Test time =   0.00 sec
----------------------------------------------------------
Test Passed.
"BinaryParser.Add_Roundtrip" end time: May 10 05:32 PDT
"BinaryParser.Add_Roundtrip" time elapsed: 00:00:00
----------------------------------------------------------

56/66 Testing: BinaryParser.NeedMoreWhenBodyTruncated
56/66 Test: BinaryParser.NeedMoreWhenBodyTruncated
Command: "/home/debian/hft/build/tests/md/test_binary_parser" "--gtest_filter=BinaryParser.NeedMoreWhenBodyTruncated" "--gtest_also_run_disabled_tests"
Directory: /home/debian/hft/build/tests/md
"BinaryParser.NeedMoreWhenBodyTruncated" start time: May 10 05:32 PDT
Output:
----------------------------------------------------------
Running main() from ./googletest/src/gtest_main.cc
Note: Google Test filter = BinaryParser.NeedMoreWhenBodyTruncated
[==========] Running 1 test from 1 test suite.
[----------] Global test environment set-up.
[----------] 1 test from BinaryParser
[ RUN      ] BinaryParser.NeedMoreWhenBodyTruncated
[       OK ] BinaryParser.NeedMoreWhenBodyTruncated (0 ms)
[----------] 1 test from BinaryParser (0 ms total)

[----------] Global test environment tear-down
[==========] 1 test from 1 test suite ran. (0 ms total)
[  PASSED  ] 1 test.
<end of output>
Test time =   0.00 sec
----------------------------------------------------------
Test Passed.
"BinaryParser.NeedMoreWhenBodyTruncated" end time: May 10 05:32 PDT
"BinaryParser.NeedMoreWhenBodyTruncated" time elapsed: 00:00:00
----------------------------------------------------------

57/66 Testing: BinaryParser.UnknownMsgTypeIsError
57/66 Test: BinaryParser.UnknownMsgTypeIsError
Command: "/home/debian/hft/build/tests/md/test_binary_parser" "--gtest_filter=BinaryParser.UnknownMsgTypeIsError" "--gtest_also_run_disabled_tests"
Directory: /home/debian/hft/build/tests/md
"BinaryParser.UnknownMsgTypeIsError" start time: May 10 05:32 PDT
Output:
----------------------------------------------------------
Running main() from ./googletest/src/gtest_main.cc
Note: Google Test filter = BinaryParser.UnknownMsgTypeIsError
[==========] Running 1 test from 1 test suite.
[----------] Global test environment set-up.
[----------] 1 test from BinaryParser
[ RUN      ] BinaryParser.UnknownMsgTypeIsError
[       OK ] BinaryParser.UnknownMsgTypeIsError (0 ms)
[----------] 1 test from BinaryParser (0 ms total)

[----------] Global test environment tear-down
[==========] 1 test from 1 test suite ran. (0 ms total)
[  PASSED  ] 1 test.
<end of output>
Test time =   0.00 sec
----------------------------------------------------------
Test Passed.
"BinaryParser.UnknownMsgTypeIsError" end time: May 10 05:32 PDT
"BinaryParser.UnknownMsgTypeIsError" time elapsed: 00:00:00
----------------------------------------------------------

58/66 Testing: BinaryParser.Exec_Roundtrip
58/66 Test: BinaryParser.Exec_Roundtrip
Command: "/home/debian/hft/build/tests/md/test_binary_parser" "--gtest_filter=BinaryParser.Exec_Roundtrip" "--gtest_also_run_disabled_tests"
Directory: /home/debian/hft/build/tests/md
"BinaryParser.Exec_Roundtrip" start time: May 10 05:32 PDT
Output:
----------------------------------------------------------
Running main() from ./googletest/src/gtest_main.cc
Note: Google Test filter = BinaryParser.Exec_Roundtrip
[==========] Running 1 test from 1 test suite.
[----------] Global test environment set-up.
[----------] 1 test from BinaryParser
[ RUN      ] BinaryParser.Exec_Roundtrip
[       OK ] BinaryParser.Exec_Roundtrip (0 ms)
[----------] 1 test from BinaryParser (0 ms total)

[----------] Global test environment tear-down
[==========] 1 test from 1 test suite ran. (0 ms total)
[  PASSED  ] 1 test.
<end of output>
Test time =   0.00 sec
----------------------------------------------------------
Test Passed.
"BinaryParser.Exec_Roundtrip" end time: May 10 05:32 PDT
"BinaryParser.Exec_Roundtrip" time elapsed: 00:00:00
----------------------------------------------------------

59/66 Testing: BinaryParser.TwoMessagesInOneBuffer
59/66 Test: BinaryParser.TwoMessagesInOneBuffer
Command: "/home/debian/hft/build/tests/md/test_binary_parser" "--gtest_filter=BinaryParser.TwoMessagesInOneBuffer" "--gtest_also_run_disabled_tests"
Directory: /home/debian/hft/build/tests/md
"BinaryParser.TwoMessagesInOneBuffer" start time: May 10 05:32 PDT
Output:
----------------------------------------------------------
Running main() from ./googletest/src/gtest_main.cc
Note: Google Test filter = BinaryParser.TwoMessagesInOneBuffer
[==========] Running 1 test from 1 test suite.
[----------] Global test environment set-up.
[----------] 1 test from BinaryParser
[ RUN      ] BinaryParser.TwoMessagesInOneBuffer
[       OK ] BinaryParser.TwoMessagesInOneBuffer (0 ms)
[----------] 1 test from BinaryParser (0 ms total)

[----------] Global test environment tear-down
[==========] 1 test from 1 test suite ran. (0 ms total)
[  PASSED  ] 1 test.
<end of output>
Test time =   0.00 sec
----------------------------------------------------------
Test Passed.
"BinaryParser.TwoMessagesInOneBuffer" end time: May 10 05:32 PDT
"BinaryParser.TwoMessagesInOneBuffer" time elapsed: 00:00:00
----------------------------------------------------------

60/66 Testing: FeedHandler.SingleCompleteMessage
60/66 Test: FeedHandler.SingleCompleteMessage
Command: "/home/debian/hft/build/tests/md/test_binary_parser" "--gtest_filter=FeedHandler.SingleCompleteMessage" "--gtest_also_run_disabled_tests"
Directory: /home/debian/hft/build/tests/md
"FeedHandler.SingleCompleteMessage" start time: May 10 05:32 PDT
Output:
----------------------------------------------------------
Running main() from ./googletest/src/gtest_main.cc
Note: Google Test filter = FeedHandler.SingleCompleteMessage
[==========] Running 1 test from 1 test suite.
[----------] Global test environment set-up.
[----------] 1 test from FeedHandler
[ RUN      ] FeedHandler.SingleCompleteMessage
[       OK ] FeedHandler.SingleCompleteMessage (0 ms)
[----------] 1 test from FeedHandler (0 ms total)

[----------] Global test environment tear-down
[==========] 1 test from 1 test suite ran. (0 ms total)
[  PASSED  ] 1 test.
<end of output>
Test time =   0.00 sec
----------------------------------------------------------
Test Passed.
"FeedHandler.SingleCompleteMessage" end time: May 10 05:32 PDT
"FeedHandler.SingleCompleteMessage" time elapsed: 00:00:00
----------------------------------------------------------

61/66 Testing: FeedHandler.SplitAcrossTwoChunks
61/66 Test: FeedHandler.SplitAcrossTwoChunks
Command: "/home/debian/hft/build/tests/md/test_binary_parser" "--gtest_filter=FeedHandler.SplitAcrossTwoChunks" "--gtest_also_run_disabled_tests"
Directory: /home/debian/hft/build/tests/md
"FeedHandler.SplitAcrossTwoChunks" start time: May 10 05:32 PDT
Output:
----------------------------------------------------------
Running main() from ./googletest/src/gtest_main.cc
Note: Google Test filter = FeedHandler.SplitAcrossTwoChunks
[==========] Running 1 test from 1 test suite.
[----------] Global test environment set-up.
[----------] 1 test from FeedHandler
[ RUN      ] FeedHandler.SplitAcrossTwoChunks
[       OK ] FeedHandler.SplitAcrossTwoChunks (0 ms)
[----------] 1 test from FeedHandler (0 ms total)

[----------] Global test environment tear-down
[==========] 1 test from 1 test suite ran. (0 ms total)
[  PASSED  ] 1 test.
<end of output>
Test time =   0.00 sec
----------------------------------------------------------
Test Passed.
"FeedHandler.SplitAcrossTwoChunks" end time: May 10 05:32 PDT
"FeedHandler.SplitAcrossTwoChunks" time elapsed: 00:00:00
----------------------------------------------------------

62/66 Testing: FeedHandler.ThreeMessagesInOneChunk
62/66 Test: FeedHandler.ThreeMessagesInOneChunk
Command: "/home/debian/hft/build/tests/md/test_binary_parser" "--gtest_filter=FeedHandler.ThreeMessagesInOneChunk" "--gtest_also_run_disabled_tests"
Directory: /home/debian/hft/build/tests/md
"FeedHandler.ThreeMessagesInOneChunk" start time: May 10 05:32 PDT
Output:
----------------------------------------------------------
Running main() from ./googletest/src/gtest_main.cc
Note: Google Test filter = FeedHandler.ThreeMessagesInOneChunk
[==========] Running 1 test from 1 test suite.
[----------] Global test environment set-up.
[----------] 1 test from FeedHandler
[ RUN      ] FeedHandler.ThreeMessagesInOneChunk
[       OK ] FeedHandler.ThreeMessagesInOneChunk (0 ms)
[----------] 1 test from FeedHandler (0 ms total)

[----------] Global test environment tear-down
[==========] 1 test from 1 test suite ran. (0 ms total)
[  PASSED  ] 1 test.
<end of output>
Test time =   0.00 sec
----------------------------------------------------------
Test Passed.
"FeedHandler.ThreeMessagesInOneChunk" end time: May 10 05:32 PDT
"FeedHandler.ThreeMessagesInOneChunk" time elapsed: 00:00:00
----------------------------------------------------------

63/66 Testing: FeedHandler.OneFullPlusPartial
63/66 Test: FeedHandler.OneFullPlusPartial
Command: "/home/debian/hft/build/tests/md/test_binary_parser" "--gtest_filter=FeedHandler.OneFullPlusPartial" "--gtest_also_run_disabled_tests"
Directory: /home/debian/hft/build/tests/md
"FeedHandler.OneFullPlusPartial" start time: May 10 05:32 PDT
Output:
----------------------------------------------------------
Running main() from ./googletest/src/gtest_main.cc
Note: Google Test filter = FeedHandler.OneFullPlusPartial
[==========] Running 1 test from 1 test suite.
[----------] Global test environment set-up.
[----------] 1 test from FeedHandler
[ RUN      ] FeedHandler.OneFullPlusPartial
[       OK ] FeedHandler.OneFullPlusPartial (0 ms)
[----------] 1 test from FeedHandler (0 ms total)

[----------] Global test environment tear-down
[==========] 1 test from 1 test suite ran. (0 ms total)
[  PASSED  ] 1 test.
<end of output>
Test time =   0.00 sec
----------------------------------------------------------
Test Passed.
"FeedHandler.OneFullPlusPartial" end time: May 10 05:32 PDT
"FeedHandler.OneFullPlusPartial" time elapsed: 00:00:00
----------------------------------------------------------

64/66 Testing: FeedHandler.OneByteAtATime
64/66 Test: FeedHandler.OneByteAtATime
Command: "/home/debian/hft/build/tests/md/test_binary_parser" "--gtest_filter=FeedHandler.OneByteAtATime" "--gtest_also_run_disabled_tests"
Directory: /home/debian/hft/build/tests/md
"FeedHandler.OneByteAtATime" start time: May 10 05:32 PDT
Output:
----------------------------------------------------------
Running main() from ./googletest/src/gtest_main.cc
Note: Google Test filter = FeedHandler.OneByteAtATime
[==========] Running 1 test from 1 test suite.
[----------] Global test environment set-up.
[----------] 1 test from FeedHandler
[ RUN      ] FeedHandler.OneByteAtATime
[       OK ] FeedHandler.OneByteAtATime (0 ms)
[----------] 1 test from FeedHandler (0 ms total)

[----------] Global test environment tear-down
[==========] 1 test from 1 test suite ran. (0 ms total)
[  PASSED  ] 1 test.
<end of output>
Test time =   0.00 sec
----------------------------------------------------------
Test Passed.
"FeedHandler.OneByteAtATime" end time: May 10 05:32 PDT
"FeedHandler.OneByteAtATime" time elapsed: 00:00:00
----------------------------------------------------------

65/66 Testing: FeedHandler.CorruptAfterGoodMessage
65/66 Test: FeedHandler.CorruptAfterGoodMessage
Command: "/home/debian/hft/build/tests/md/test_binary_parser" "--gtest_filter=FeedHandler.CorruptAfterGoodMessage" "--gtest_also_run_disabled_tests"
Directory: /home/debian/hft/build/tests/md
"FeedHandler.CorruptAfterGoodMessage" start time: May 10 05:32 PDT
Output:
----------------------------------------------------------
Running main() from ./googletest/src/gtest_main.cc
Note: Google Test filter = FeedHandler.CorruptAfterGoodMessage
[==========] Running 1 test from 1 test suite.
[----------] Global test environment set-up.
[----------] 1 test from FeedHandler
[ RUN      ] FeedHandler.CorruptAfterGoodMessage
[       OK ] FeedHandler.CorruptAfterGoodMessage (0 ms)
[----------] 1 test from FeedHandler (0 ms total)

[----------] Global test environment tear-down
[==========] 1 test from 1 test suite ran. (0 ms total)
[  PASSED  ] 1 test.
<end of output>
Test time =   0.00 sec
----------------------------------------------------------
Test Passed.
"FeedHandler.CorruptAfterGoodMessage" end time: May 10 05:32 PDT
"FeedHandler.CorruptAfterGoodMessage" time elapsed: 00:00:00
----------------------------------------------------------

66/66 Testing: FeedHandler.EmptyCall
66/66 Test: FeedHandler.EmptyCall
Command: "/home/debian/hft/build/tests/md/test_binary_parser" "--gtest_filter=FeedHandler.EmptyCall" "--gtest_also_run_disabled_tests"
Directory: /home/debian/hft/build/tests/md
"FeedHandler.EmptyCall" start time: May 10 05:32 PDT
Output:
----------------------------------------------------------
Running main() from ./googletest/src/gtest_main.cc
Note: Google Test filter = FeedHandler.EmptyCall
[==========] Running 1 test from 1 test suite.
[----------] Global test environment set-up.
[----------] 1 test from FeedHandler
[ RUN      ] FeedHandler.EmptyCall
[       OK ] FeedHandler.EmptyCall (0 ms)
[----------] 1 test from FeedHandler (0 ms total)

[----------] Global test environment tear-down
[==========] 1 test from 1 test suite ran. (0 ms total)
[  PASSED  ] 1 test.
<end of output>
Test time =   0.00 sec
----------------------------------------------------------
Test Passed.
"FeedHandler.EmptyCall" end time: May 10 05:32 PDT
"FeedHandler.EmptyCall" time elapsed: 00:00:00
----------------------------------------------------------

End testing: May 10 05:32 PDT
